2015-09-23 15:50:32,601 [Summarizer_loop]: ---------- Begin Summarizer_Loop execution ----------
2015-09-23 15:50:32,601 [Summarizer_loop]: ----- Excecuting Summarizer -----
2015-09-23 15:50:32,601 [Summarizer]: ----- Start Summarizer.py -----
2015-09-23 15:50:32,601 [Summarizer]: Populating file list in "\\10.10.1.150\das\Garnet"...
2015-09-23 15:59:41,336 [Summarizer_loop]: ---------- Begin Summarizer_Loop execution ----------
2015-09-23 15:59:41,336 [Summarizer_loop]: ----- Excecuting Summarizer -----
2015-09-23 15:59:41,336 [Summarizer]: ----- Start Summarizer.py -----
2015-09-23 15:59:41,336 [Summarizer]: Populating file list in \\10.10.1.150\das\Garnet...
2015-09-23 15:59:42,532 [Summarizer]: Checking if archive is up to date...
2015-09-23 15:59:42,532 [Check_Archives]: ----- Start Check_Archives ----
2015-09-23 15:59:42,681 [Summarizer]: 230 files to summarize.
2015-09-23 15:59:42,681 [Summarizer]: Predicted time to complete: 59.8 seconds.
2015-09-23 15:59:42,681 [Summarizer]: Working...
2015-09-23 15:59:42,681 [Summarizer]: Begin datalogger summary...
2015-09-23 15:59:42,701 [Datalogger_archiver]: ----- Start Datalogger_Archiver -----
2015-09-23 15:59:42,701 [Datalogger_archiver]: Populating file list in \\10.10.1.150\das\Garnet...
2015-09-23 15:59:43,936 [Check_Archives]: ----- Start Check_Archives ----
2015-09-23 15:59:44,016 [Datalogger_archiver]: Opening .dat files...
2015-09-23 15:59:44,016 [Datalogger_archiver]: Creating Dataframe
2015-09-23 15:59:44,016 [Datalogger_archiver]: Writing to Excel
2015-09-23 15:59:44,145 [Summarizer]: Summary complete!
2015-09-23 15:59:44,145 [Summarizer]: Total Time: 1.46399998665seconds for 230 dataloggers.
2015-09-23 15:59:44,145 [Summarizer]: Total Time: 1.46399998665seconds for 230 dataloggers.
2015-09-23 15:59:44,145 [Summarizer]: 0.00636521733325 seconds per file.
2015-09-23 15:59:44,145 [Summarizer]: ----- IMAGE CREATION -----
2015-09-23 15:59:44,145 [Summarizer]: Beginning image creations Grapherizer.py...
2015-09-23 15:59:44,365 [Grapherizer]: Found 113 primary logs and 117 secondary logs.
2015-09-23 15:59:44,365 [Grapherizer]: Working...
2015-09-23 15:59:44,365 [Grapherizer]: CREATING DIRECTORY C:\Users\knotohamiprodjo\Desktop\py_dev\Summary.xlsx\2015_09_11\Disp
2015-09-23 15:59:44,365 [Summarizer]: ----- WIND SUMMARY -----
2015-09-23 15:59:44,365 [Summarizer]: Beginning wind60min summary...
2015-09-23 15:59:45,766 [Summarizer]: ----- VIDEO FILES -----
2015-09-23 15:59:45,766 [Summarizer]: Grabbing Video Files....
2015-09-23 15:59:45,875 [Summarizer_loop]: Waiting for 5.0 minutes before next execution.
2015-09-23 15:59:45,885 [Summarizer_loop]: Start wait...
2015-09-23 16:01:05,323 [Summarizer_loop]: ---------- Begin Summarizer_Loop execution ----------
2015-09-23 16:01:05,323 [Summarizer_loop]: ----- Excecuting Summarizer -----
2015-09-23 16:01:05,323 [Summarizer]: ----- Start Summarizer.py -----
2015-09-23 16:01:05,323 [Summarizer]: Populating file list in \\10.10.1.150\das\Garnet...
2015-09-23 16:01:06,598 [Summarizer]: Checking if archive is up to date...
2015-09-23 16:01:06,598 [Check_Archives]: ----- Start Check_Archives ----
2015-09-23 16:01:06,737 [Summarizer]: 230 files to summarize.
2015-09-23 16:01:06,737 [Summarizer]: Predicted time to complete: 59.8 seconds.
2015-09-23 16:01:06,737 [Summarizer]: Working...
2015-09-23 16:01:06,737 [Summarizer]: Begin datalogger summary...
2015-09-23 16:01:06,747 [Datalogger_archiver]: ----- Start Datalogger_Archiver -----
2015-09-23 16:01:06,747 [Datalogger_archiver]: Populating file list in \\10.10.1.150\das\Garnet...
2015-09-23 16:01:08,039 [Check_Archives]: ----- Start Check_Archives ----
2015-09-23 16:01:08,119 [Datalogger_archiver]: Opening .dat files...
2015-09-23 16:01:08,119 [Datalogger_archiver]: Creating Dataframe
2015-09-23 16:01:08,119 [Datalogger_archiver]: Writing to Excel
2015-09-23 16:01:08,230 [Summarizer]: Summary complete!
2015-09-23 16:01:08,230 [Summarizer]: Total Time: 1.492000103seconds for 230 dataloggers.
2015-09-23 16:01:08,230 [Summarizer]: Total Time: 1.492000103seconds for 230 dataloggers.
2015-09-23 16:01:08,240 [Summarizer]: 0.00648695696955 seconds per file.
2015-09-23 16:01:08,240 [Summarizer]: ----- IMAGE CREATION -----
2015-09-23 16:01:08,240 [Summarizer]: Beginning image creations Grapherizer.py...
2015-09-23 16:01:08,440 [Grapherizer]: Found 113 primary logs and 117 secondary logs.
2015-09-23 16:01:08,440 [Grapherizer]: Working...
2015-09-23 16:01:08,664 [Grapherizer]: DONE! 0 images created, and 0 animations.
2015-09-23 16:01:08,664 [Summarizer]: ----- WIND SUMMARY -----
2015-09-23 16:01:08,664 [Summarizer]: Beginning wind60min summary...
2015-09-23 16:01:10,201 [Summarizer]: ----- VIDEO FILES -----
2015-09-23 16:01:10,201 [Summarizer]: Grabbing Video Files....
2015-09-23 16:01:10,302 [Summarizer_loop]: Waiting for 5.0 minutes before next execution.
2015-09-23 16:01:10,302 [Summarizer_loop]: Start wait...
